(---------------------------------------------------------------------)
(                                                                     )
(    ARTWORK LOG                                                      )
(                                                                     )
(    Drawing          : EPTS_PERFANL_B_V0_2.brd                       )
(    Software Version : 17.2P019                                      )
(    Date/Time        : Sun Jun 30 20:04:02 2019                      )
(                                                                     )
(---------------------------------------------------------------------)



 ******************************************
 WARNING: DRC OUT OF DATE on this layout.
 ******************************************

 ---- Photoplot outline rectangle not found; using drawing extents.



Results from parameter file ...
    DEVICE-TYPE           GERBER_RS274X
    OUTPUT-UNITS          INCHES
    FILM-SIZE             2400000 1600000
    FORMAT                2.5
    ABORT-ON-ERROR        NO
    SCALE                 1
    SUPPRESS-LEAD-ZEROES  YES
    SUPPRESS-TRAIL-ZEROES NO
    SUPPRESS-EQUAL        YES
    UNDEF-APT-CONT        NO



================================================================
     PROCESSING FILM < DRL >
     TO FILE < C:/Users/Hamit/Desktop/PCB_PROJELER/PCB_DONANIM/EPTS_PERFANL_B/allegro/PERFANL-B-V0-2-DRL.art > ...
================================================================

  FILM PARAMETERS :
  ---------------------------------------------------------
  Undefined line width                1.000
  Mirror code                         NONE
  Rotate angle                        NONE
  Offset x:                           0.000
  Offset y:                           0.000
  Plot negative                       NO
  Suppress unconnected internal pads  NO
  Draw holes only                     NO



  APERTURES USED:  NONE
     PERFANL-B-V0-2-DRL created with warnings


================================================================
     PROCESSING FILM < BOL >
     TO FILE < C:/Users/Hamit/Desktop/PCB_PROJELER/PCB_DONANIM/EPTS_PERFANL_B/allegro/PERFANL-B-V0-2-BOL.art > ...
================================================================

  FILM PARAMETERS :
  ---------------------------------------------------------
  Undefined line width                1.000
  Mirror code                         NONE
  Rotate angle                        NONE
  Offset x:                           0.000
  Offset y:                           0.000
  Plot negative                       NO
  Suppress unconnected internal pads  NO
  Draw holes only                     NO



  APERTURES USED:
  ---------------------------------------------------------
  TYPE       SIZE/NAME                   ROT   MIRROR MODE 
  ---------------------------------------------------------
  CIRCLE     0.00100                                  DARK 

     PERFANL-B-V0-2-BOL created with warnings


================================================================
     PROCESSING FILM < SST >
     TO FILE < C:/Users/Hamit/Desktop/PCB_PROJELER/PCB_DONANIM/EPTS_PERFANL_B/allegro/PERFANL-B-V0-2-SST.art > ...
================================================================

  FILM PARAMETERS :
  ---------------------------------------------------------
  Undefined line width                1.000
  Mirror code                         NONE
  Rotate angle                        NONE
  Offset x:                           0.000
  Offset y:                           0.000
  Plot negative                       NO
  Suppress unconnected internal pads  NO
  Draw holes only                     NO

    WARNING: text composed 0 width line found at (70.540 -2116.700)
           ... using undefined line width of 1.000

    WARNING: text having Multiple 0 width lines; all will be treated the same as the first.
           ... using undefined line width of 1.000



  APERTURES USED:
  ---------------------------------------------------------
  TYPE       SIZE/NAME                   ROT   MIRROR MODE 
  ---------------------------------------------------------
  CIRCLE     0.00100                                  DARK 
  CIRCLE     0.00394                                  DARK 
  CIRCLE     0.00500                                  DARK 
  CIRCLE     0.00600                                  DARK 
  CIRCLE     0.00787                                  DARK 
  CIRCLE     0.01000                                  DARK 
  CIRCLE     0.01968                                  DARK 

     PERFANL-B-V0-2-SST created with warnings


================================================================
     PROCESSING FILM < SSB >
     TO FILE < C:/Users/Hamit/Desktop/PCB_PROJELER/PCB_DONANIM/EPTS_PERFANL_B/allegro/PERFANL-B-V0-2-SSB.art > ...
================================================================

  FILM PARAMETERS :
  ---------------------------------------------------------
  Undefined line width                1.000
  Mirror code                         NONE
  Rotate angle                        NONE
  Offset x:                           0.000
  Offset y:                           0.000
  Plot negative                       NO
  Suppress unconnected internal pads  NO
  Draw holes only                     NO



  APERTURES USED:
  ---------------------------------------------------------
  TYPE       SIZE/NAME                   ROT   MIRROR MODE 
  ---------------------------------------------------------
  CIRCLE     0.00100                                  DARK 
  CIRCLE     0.00197                                  DARK 
  CIRCLE     0.00394                                  DARK 
  CIRCLE     0.00500                                  DARK 
  CIRCLE     0.00551                                  DARK 
  CIRCLE     0.00600                                  DARK 
  CIRCLE     0.00669                                  DARK 
  CIRCLE     0.00787                                  DARK 
  CIRCLE     0.00800                                  DARK 

     PERFANL-B-V0-2-SSB created with warnings


================================================================
     PROCESSING FILM < SMT >
     TO FILE < C:/Users/Hamit/Desktop/PCB_PROJELER/PCB_DONANIM/EPTS_PERFANL_B/allegro/PERFANL-B-V0-2-SMT.art > ...
================================================================

  FILM PARAMETERS :
  ---------------------------------------------------------
  Undefined line width                1.000
  Mirror code                         NONE
  Rotate angle                        NONE
  Offset x:                           0.000
  Offset y:                           0.000
  Plot negative                       NO
  Suppress unconnected internal pads  NO
  Draw holes only                     NO



  APERTURES USED:
  ---------------------------------------------------------
  TYPE       SIZE/NAME                   ROT   MIRROR MODE 
  ---------------------------------------------------------
  CIRCLE     0.02166                                  DARK 
  CIRCLE     0.06700                                  DARK 
  CIRCLE     0.07700                                  DARK 
  RECTANGLE  0.01181     x 0.01378       0.000 NO     DARK 
  RECTANGLE  0.01181     x 0.01378      90.000 NO     DARK 
  RECTANGLE  0.01181     x 0.03150       0.000 NO     DARK 
  RECTANGLE  0.01181     x 0.03150      90.000 NO     DARK 
  RECTANGLE  0.01575     x 0.05315       0.000 NO     DARK 
  RECTANGLE  0.03200     x 0.03700       0.000 NO     DARK 
  RECTANGLE  0.03200     x 0.03700      90.000 NO     DARK 
  RECTANGLE  0.03400     x 0.04000       0.000 NO     DARK 
  RECTANGLE  0.03400     x 0.05000       0.000 NO     DARK 
  RECTANGLE  0.03937     x 0.06299       0.000 NO     DARK 
  RECTANGLE  0.04100     x 0.05700       0.000 NO     DARK 
  RECTANGLE  0.04100     x 0.05700      90.000 NO     DARK 
  RECTANGLE  0.04173     x 0.03740      90.000 NO     DARK 
  RECTANGLE  0.05000     x 0.04000       0.000 NO     DARK 
  RECTANGLE  0.05512     x 0.03543       0.000 NO     DARK 
  RECTANGLE  0.05906     x 0.06102       0.000 NO     DARK 
  RECTANGLE  0.06220     x 0.02323      90.000 NO     DARK 
  RECTANGLE  0.06299     x 0.08465      90.000 NO     DARK 
  RECTANGLE  0.06300     x 0.05900      90.000 NO     DARK 
  RECTANGLE  0.07000     x 0.01100       0.000 NO     DARK 
  RECTANGLE  0.07000     x 0.01100      90.000 NO     DARK 
  RECTANGLE  0.08858     x 0.12598      90.000 NO     DARK 
  RECTANGLE  0.10300     x 0.10800      90.000 NO     DARK 
  RECTANGLE  0.12008     x 0.09488       0.000 NO     DARK 
  OBLONG     0.03543     x 0.01181       0.000 NO     DARK 
  OBLONG     0.03543     x 0.01181      90.000 NO     DARK 
  OBLONG     0.05118     x 0.02559       0.000 NO     DARK 
  OBLONG     0.07000     x 0.01100       0.000 NO     DARK 
  OBLONG     0.07000     x 0.01100      90.000 NO     DARK 
  OBLONG     0.07800     x 0.02200      90.000 NO     DARK 
  PAD SHAPE  PS_R86_26_D5000            90.000 NO     DARK 
  PAD SHAPE  PS_R150_70_D1000          180.000 NO     DARK 
  PAD SHAPE  PS_R150_100_D1000         180.000 NO     DARK 
  PAD SHAPE  PS_R150_70_D1000          270.000 NO     DARK 

     PERFANL-B-V0-2-SMT created with warnings


================================================================
     PROCESSING FILM < SMB >
     TO FILE < C:/Users/Hamit/Desktop/PCB_PROJELER/PCB_DONANIM/EPTS_PERFANL_B/allegro/PERFANL-B-V0-2-SMB.art > ...
================================================================

  FILM PARAMETERS :
  ---------------------------------------------------------
  Undefined line width                1.000
  Mirror code                         NONE
  Rotate angle                        NONE
  Offset x:                           0.000
  Offset y:                           0.000
  Plot negative                       NO
  Suppress unconnected internal pads  NO
  Draw holes only                     NO



  APERTURES USED:
  ---------------------------------------------------------
  TYPE       SIZE/NAME                   ROT   MIRROR MODE 
  ---------------------------------------------------------
  CIRCLE     0.01600                                  DARK 
  CIRCLE     0.02166                                  DARK 
  CIRCLE     0.06700                                  DARK 
  CIRCLE     0.07700                                  DARK 
  SQUARE     0.03200                     0.000 NO     DARK 
  RECTANGLE  0.01181     x 0.05512      90.000 NO     DARK 
  RECTANGLE  0.01968     x 0.00787      90.000 NO     DARK 
  RECTANGLE  0.02756     x 0.02756       0.000 NO     DARK 
  RECTANGLE  0.03200     x 0.03700       0.000 NO     DARK 
  RECTANGLE  0.03200     x 0.03700      90.000 NO     DARK 
  RECTANGLE  0.03937     x 0.04724       0.000 NO     DARK 
  RECTANGLE  0.04100     x 0.05700       0.000 NO     DARK 
  RECTANGLE  0.04100     x 0.05700      90.000 NO     DARK 
  RECTANGLE  0.04100     x 0.07100       0.000 NO     DARK 
  RECTANGLE  0.05000     x 0.04000      90.000 NO     DARK 
  RECTANGLE  0.05118     x 0.04724       0.000 NO     DARK 
  RECTANGLE  0.05118     x 0.11024       0.000 NO     DARK 
  RECTANGLE  0.05906     x 0.03543       0.000 NO     DARK 
  RECTANGLE  0.06299     x 0.07480       0.000 NO     DARK 
  RECTANGLE  0.09400     x 0.02500       0.000 NO     DARK 
  OBLONG     0.01968     x 0.00787       0.000 NO     DARK 
  OBLONG     0.01968     x 0.00787      90.000 NO     DARK 
  OBLONG     0.02559     x 0.01181       0.000 NO     DARK 
  OBLONG     0.04724     x 0.02756      90.000 NO     DARK 
  OBLONG     0.05118     x 0.02559       0.000 NO     DARK 
  OBLONG     0.05118     x 0.03150       0.000 NO     DARK 
  OBLONG     0.09400     x 0.02500       0.000 NO     DARK 

     PERFANL-B-V0-2-SMB created with warnings


================================================================
     PROCESSING FILM < PMT >
     TO FILE < C:/Users/Hamit/Desktop/PCB_PROJELER/PCB_DONANIM/EPTS_PERFANL_B/allegro/PERFANL-B-V0-2-PMT.art > ...
================================================================

  FILM PARAMETERS :
  ---------------------------------------------------------
  Undefined line width                1.000
  Mirror code                         NONE
  Rotate angle                        NONE
  Offset x:                           0.000
  Offset y:                           0.000
  Plot negative                       NO
  Suppress unconnected internal pads  NO
  Draw holes only                     NO



  APERTURES USED:
  ---------------------------------------------------------
  TYPE       SIZE/NAME                   ROT   MIRROR MODE 
  ---------------------------------------------------------
  CIRCLE     0.00000                                  DARK 
  RECTANGLE  0.01181     x 0.01378       0.000 NO     DARK 
  RECTANGLE  0.01181     x 0.01378      90.000 NO     DARK 
  RECTANGLE  0.01181     x 0.03150       0.000 NO     DARK 
  RECTANGLE  0.01181     x 0.03150      90.000 NO     DARK 
  RECTANGLE  0.01575     x 0.05315       0.000 NO     DARK 
  RECTANGLE  0.02800     x 0.03300       0.000 NO     DARK 
  RECTANGLE  0.02800     x 0.03300      90.000 NO     DARK 
  RECTANGLE  0.03400     x 0.04000       0.000 NO     DARK 
  RECTANGLE  0.03400     x 0.05000       0.000 NO     DARK 
  RECTANGLE  0.03700     x 0.05300       0.000 NO     DARK 
  RECTANGLE  0.03700     x 0.05300      90.000 NO     DARK 
  RECTANGLE  0.03937     x 0.06299       0.000 NO     DARK 
  RECTANGLE  0.04173     x 0.03740      90.000 NO     DARK 
  RECTANGLE  0.05000     x 0.04000       0.000 NO     DARK 
  RECTANGLE  0.05512     x 0.03543       0.000 NO     DARK 
  RECTANGLE  0.05906     x 0.06102       0.000 NO     DARK 
  RECTANGLE  0.06220     x 0.02323      90.000 NO     DARK 
  RECTANGLE  0.06300     x 0.05900      90.000 NO     DARK 
  RECTANGLE  0.07000     x 0.01100       0.000 NO     DARK 
  RECTANGLE  0.07000     x 0.01100      90.000 NO     DARK 
  RECTANGLE  0.08858     x 0.12598      90.000 NO     DARK 
  RECTANGLE  0.10300     x 0.10800      90.000 NO     DARK 
  OBLONG     0.03543     x 0.01181       0.000 NO     DARK 
  OBLONG     0.03543     x 0.01181      90.000 NO     DARK 
  OBLONG     0.07000     x 0.01100       0.000 NO     DARK 
  OBLONG     0.07000     x 0.01100      90.000 NO     DARK 
  OBLONG     0.07800     x 0.02200      90.000 NO     DARK 
  PAD SHAPE  PS_R86_26_D5000            90.000 NO     DARK 
  PAD SHAPE  PS_R150_100_D1000         180.000 NO     DARK 
  PAD SHAPE  PS_R150_70_D1000          180.000 NO     DARK 
  PAD SHAPE  PS_R150_70_D1000          270.000 NO     DARK 

     PERFANL-B-V0-2-PMT created with warnings


================================================================
     PROCESSING FILM < PMB >
     TO FILE < C:/Users/Hamit/Desktop/PCB_PROJELER/PCB_DONANIM/EPTS_PERFANL_B/allegro/PERFANL-B-V0-2-PMB.art > ...
================================================================

  FILM PARAMETERS :
  ---------------------------------------------------------
  Undefined line width                1.000
  Mirror code                         NONE
  Rotate angle                        NONE
  Offset x:                           0.000
  Offset y:                           0.000
  Plot negative                       NO
  Suppress unconnected internal pads  NO
  Draw holes only                     NO



  APERTURES USED:
  ---------------------------------------------------------
  TYPE       SIZE/NAME                   ROT   MIRROR MODE 
  ---------------------------------------------------------
  SQUARE     0.03200                     0.000 NO     DARK 
  RECTANGLE  0.01181     x 0.05512      90.000 NO     DARK 
  RECTANGLE  0.01968     x 0.00787      90.000 NO     DARK 
  RECTANGLE  0.02756     x 0.02756       0.000 NO     DARK 
  RECTANGLE  0.02800     x 0.03300       0.000 NO     DARK 
  RECTANGLE  0.02800     x 0.03300      90.000 NO     DARK 
  RECTANGLE  0.03700     x 0.05300       0.000 NO     DARK 
  RECTANGLE  0.03700     x 0.05300      90.000 NO     DARK 
  RECTANGLE  0.03700     x 0.06700       0.000 NO     DARK 
  RECTANGLE  0.03937     x 0.04724       0.000 NO     DARK 
  RECTANGLE  0.05000     x 0.04000      90.000 NO     DARK 
  RECTANGLE  0.05118     x 0.04724       0.000 NO     DARK 
  RECTANGLE  0.05118     x 0.11024       0.000 NO     DARK 
  RECTANGLE  0.05906     x 0.03543       0.000 NO     DARK 
  RECTANGLE  0.06299     x 0.07480       0.000 NO     DARK 
  RECTANGLE  0.09400     x 0.02500       0.000 NO     DARK 
  OBLONG     0.01968     x 0.00787       0.000 NO     DARK 
  OBLONG     0.01968     x 0.00787      90.000 NO     DARK 
  OBLONG     0.02559     x 0.01181       0.000 NO     DARK 
  OBLONG     0.04724     x 0.02756      90.000 NO     DARK 
  OBLONG     0.05118     x 0.03150       0.000 NO     DARK 
  OBLONG     0.09400     x 0.02500       0.000 NO     DARK 

     PERFANL-B-V0-2-PMB created with warnings


================================================================
     PROCESSING FILM < BOTTOM >
     TO FILE < C:/Users/Hamit/Desktop/PCB_PROJELER/PCB_DONANIM/EPTS_PERFANL_B/allegro/PERFANL-B-V0-2-BOTTOM.art > ...
================================================================

  FILM PARAMETERS :
  ---------------------------------------------------------
  Undefined line width                1.000
  Mirror code                         NONE
  Rotate angle                        NONE
  Offset x:                           0.000
  Offset y:                           0.000
  Plot negative                       NO
  Suppress unconnected internal pads  NO
  Draw holes only                     NO

    WARNING: Film contains objects with associated DRCs (23).
           In the design editor view this film and enable visibility for the
           associated DRC layer. Verify the DRCs are approved exceptions to your rules.


  APERTURES USED:
  ---------------------------------------------------------
  TYPE       SIZE/NAME                   ROT   MIRROR MODE 
  ---------------------------------------------------------
  CIRCLE     0.00800                                  DARK 
  CIRCLE     0.01600                                  DARK 
  CIRCLE     0.02166                                  DARK 
  CIRCLE     0.06200                                  DARK 
  CIRCLE     0.07700                                  DARK 
  SQUARE     0.03200                     0.000 NO     DARK 
  RECTANGLE  0.01181     x 0.05512      90.000 NO     DARK 
  RECTANGLE  0.01968     x 0.00787      90.000 NO     DARK 
  RECTANGLE  0.02756     x 0.02756       0.000 NO     DARK 
  RECTANGLE  0.02800     x 0.03300       0.000 NO     DARK 
  RECTANGLE  0.02800     x 0.03300      90.000 NO     DARK 
  RECTANGLE  0.03700     x 0.05300       0.000 NO     DARK 
  RECTANGLE  0.03700     x 0.05300      90.000 NO     DARK 
  RECTANGLE  0.03700     x 0.06700       0.000 NO     DARK 
  RECTANGLE  0.03937     x 0.04724       0.000 NO     DARK 
  RECTANGLE  0.05000     x 0.04000      90.000 NO     DARK 
  RECTANGLE  0.05118     x 0.04724       0.000 NO     DARK 
  RECTANGLE  0.05118     x 0.11024       0.000 NO     DARK 
  RECTANGLE  0.05906     x 0.03543       0.000 NO     DARK 
  RECTANGLE  0.06299     x 0.07480       0.000 NO     DARK 
  RECTANGLE  0.09400     x 0.02500       0.000 NO     DARK 
  OBLONG     0.01968     x 0.00787       0.000 NO     DARK 
  OBLONG     0.01968     x 0.00787      90.000 NO     DARK 
  OBLONG     0.02559     x 0.01181       0.000 NO     DARK 
  OBLONG     0.04724     x 0.02756      90.000 NO     DARK 
  OBLONG     0.05118     x 0.02559       0.000 NO     DARK 
  OBLONG     0.05118     x 0.03150       0.000 NO     DARK 
  OBLONG     0.06102     x 0.03051      90.000 NO     DARK 
  OBLONG     0.09400     x 0.02500       0.000 NO     DARK 

     PERFANL-B-V0-2-BOTTOM created with warnings


================================================================
     PROCESSING FILM < TOP >
     TO FILE < C:/Users/Hamit/Desktop/PCB_PROJELER/PCB_DONANIM/EPTS_PERFANL_B/allegro/PERFANL-B-V0-2-TOP.art > ...
================================================================

  FILM PARAMETERS :
  ---------------------------------------------------------
  Undefined line width                1.000
  Mirror code                         NONE
  Rotate angle                        NONE
  Offset x:                           0.000
  Offset y:                           0.000
  Plot negative                       NO
  Suppress unconnected internal pads  NO
  Draw holes only                     NO

    WARNING: Segment with same start and end points at
	(595.293 -57.021) will be ignored. Increasing output
	accuracy may allow segment to be generated.

    WARNING: Segment with same start and end points at
	(941.749 -57.021) will be ignored. Increasing output
	accuracy may allow segment to be generated.



  APERTURES USED:
  ---------------------------------------------------------
  TYPE       SIZE/NAME                   ROT   MIRROR MODE 
  ---------------------------------------------------------
  CIRCLE     0.00800                                  DARK 
  CIRCLE     0.01000                                  DARK 
  CIRCLE     0.01200                                  DARK 
  CIRCLE     0.01500                                  DARK 
  CIRCLE     0.01600                                  DARK 
  CIRCLE     0.02166                                  DARK 
  CIRCLE     0.06200                                  DARK 
  CIRCLE     0.07700                                  DARK 
  RECTANGLE  0.01181     x 0.01378       0.000 NO     DARK 
  RECTANGLE  0.01181     x 0.01378      90.000 NO     DARK 
  RECTANGLE  0.01181     x 0.03150       0.000 NO     DARK 
  RECTANGLE  0.01181     x 0.03150      90.000 NO     DARK 
  RECTANGLE  0.01575     x 0.05315       0.000 NO     DARK 
  RECTANGLE  0.02800     x 0.03300       0.000 NO     DARK 
  RECTANGLE  0.02800     x 0.03300      90.000 NO     DARK 
  RECTANGLE  0.03400     x 0.04000       0.000 NO     DARK 
  RECTANGLE  0.03400     x 0.05000       0.000 NO     DARK 
  RECTANGLE  0.03700     x 0.05300       0.000 NO     DARK 
  RECTANGLE  0.03700     x 0.05300      90.000 NO     DARK 
  RECTANGLE  0.03937     x 0.06299       0.000 NO     DARK 
  RECTANGLE  0.04173     x 0.03740      90.000 NO     DARK 
  RECTANGLE  0.05000     x 0.04000       0.000 NO     DARK 
  RECTANGLE  0.05512     x 0.03543       0.000 NO     DARK 
  RECTANGLE  0.05906     x 0.06102       0.000 NO     DARK 
  RECTANGLE  0.06220     x 0.02323      90.000 NO     DARK 
  RECTANGLE  0.06299     x 0.08465      90.000 NO     DARK 
  RECTANGLE  0.06300     x 0.05900      90.000 NO     DARK 
  RECTANGLE  0.07000     x 0.01100       0.000 NO     DARK 
  RECTANGLE  0.07000     x 0.01100      90.000 NO     DARK 
  RECTANGLE  0.08858     x 0.12598      90.000 NO     DARK 
  RECTANGLE  0.10300     x 0.10800      90.000 NO     DARK 
  RECTANGLE  0.12008     x 0.09488       0.000 NO     DARK 
  OBLONG     0.03543     x 0.01181       0.000 NO     DARK 
  OBLONG     0.03543     x 0.01181      90.000 NO     DARK 
  OBLONG     0.05118     x 0.02559       0.000 NO     DARK 
  OBLONG     0.06102     x 0.03051      90.000 NO     DARK 
  OBLONG     0.07000     x 0.01100       0.000 NO     DARK 
  OBLONG     0.07000     x 0.01100      90.000 NO     DARK 
  OBLONG     0.07800     x 0.02200      90.000 NO     DARK 
  PAD SHAPE  PS_R86_26_D5000            90.000 NO     DARK 
  PAD SHAPE  PS_R150_70_D1000          180.000 NO     DARK 
  PAD SHAPE  PS_R150_100_D1000         180.000 NO     DARK 
  PAD SHAPE  PS_R150_70_D1000          270.000 NO     DARK 

     PERFANL-B-V0-2-TOP created with warnings


------------------------------------------------------
 SUMMARY:
        PERFANL-B-V0-2-DRL created with warnings
        PERFANL-B-V0-2-BOL created with warnings
        PERFANL-B-V0-2-SST created with warnings
        PERFANL-B-V0-2-SSB created with warnings
        PERFANL-B-V0-2-SMT created with warnings
        PERFANL-B-V0-2-SMB created with warnings
        PERFANL-B-V0-2-PMT created with warnings
        PERFANL-B-V0-2-PMB created with warnings
        PERFANL-B-V0-2-BOTTOM created with warnings
        PERFANL-B-V0-2-TOP created with warnings

 ARTWORK had warnings
